[    0.000000] Initializing cgroup subsys cpuset
[    0.000000] Initializing cgroup subsys cpu
[    0.000000] Initializing cgroup subsys cpuacct
[    0.000000] Linux version 4.4.0-203-generic (buildd@lcy01-amd64-027) (gcc version 5.4.0 20160609 (Ubuntu 5.4.0-6ubuntu1~16.04.12) ) #235-Ubuntu SMP Tue Feb 2 02:49:08 UTC 2021 (Ubuntu 4.4.0-203.235-generic 4.4.249)
[    0.000000] Command line: BOOT_IMAGE=/boot/vmlinuz-4.4.0-203-generic root=LABEL=cloudimg-rootfs ro console=tty1 console=ttyS0
[    0.000000] KERNEL supported cpus:
[    0.000000]   Intel GenuineIntel
[    0.000000]   AMD AuthenticAMD
[    0.000000]   Centaur CentaurHauls
[    0.000000] [Firmware Bug]: TSC doesn't count with P0 frequency!
[    0.000000] x86/fpu: xstate_offset[2]:  576, xstate_sizes[2]:  256
[    0.000000] x86/fpu: Supporting XSAVE feature 0x01: 'x87 floating point registers'
[    0.000000] x86/fpu: Supporting XSAVE feature 0x02: 'SSE registers'
[    0.000000] x86/fpu: Supporting XSAVE feature 0x04: 'AVX registers'
[    0.000000] x86/fpu: Enabled xstate features 0x7, context size is 832 bytes, using 'standard' format.
[    0.000000] e820: BIOS-provided physical RAM map:
[    0.000000] BIOS-e820: [mem 0x0000000000000000-0x000000000009fbff] usable
[    0.000000] BIOS-e820: [mem 0x000000000009fc00-0x000000000009ffff] reserved
[    0.000000] BIOS-e820: [mem 0x00000000000f0000-0x00000000000fffff] reserved
[    0.000000] BIOS-e820: [mem 0x0000000000100000-0x000000003ffeffff] usable
[    0.000000] BIOS-e820: [mem 0x000000003fff0000-0x000000003fffffff] ACPI data
[    0.000000] BIOS-e820: [mem 0x00000000fec00000-0x00000000fec00fff] reserved
[    0.000000] BIOS-e820: [mem 0x00000000fee00000-0x00000000fee00fff] reserved
[    0.000000] BIOS-e820: [mem 0x00000000fffc0000-0x00000000ffffffff] reserved
[    0.000000] NX (Execute Disable) protection: active
[    0.000000] SMBIOS 2.5 present.
[    0.000000] Hypervisor detected: KVM
[    0.000000] Kernel/User page tables isolation: disabled
[    0.000000] e820: last_pfn = 0x3fff0 max_arch_pfn = 0x400000000
[    0.000000] MTRR: Disabled
[    0.000000] x86/PAT: MTRRs disabled, skipping PAT initialization too.
[    0.000000] CPU MTRRs all blank - virtualized system.
[    0.000000] x86/PAT: Configuration [0-7]: WB  WT  UC- UC  WB  WT  UC- UC  
[    0.000000] found SMP MP-table at [mem 0x0009fff0-0x0009ffff] mapped at [ffff88000009fff0]
[    0.000000] Scanning 1 areas for low memory corruption
[    0.000000] RAMDISK: [mem 0x362dc000-0x37165fff]
[    0.000000] ACPI: Early table checksum verification disabled
[    0.000000] ACPI: RSDP 0x00000000000E0000 000024 (v02 VBOX  )
[    0.000000] ACPI: XSDT 0x000000003FFF0030 00003C (v01 VBOX   VBOXXSDT 00000001 ASL  00000061)
[    0.000000] ACPI: FACP 0x000000003FFF00F0 0000F4 (v04 VBOX   VBOXFACP 00000001 ASL  00000061)
[    0.000000] ACPI: DSDT 0x000000003FFF0470 002325 (v02 VBOX   VBOXBIOS 00000002 INTL 20100528)
[    0.000000] ACPI: FACS 0x000000003FFF0200 000040
[    0.000000] ACPI: FACS 0x000000003FFF0200 000040
[    0.000000] ACPI: APIC 0x000000003FFF0240 00005C (v02 VBOX   VBOXAPIC 00000001 ASL  00000061)
[    0.000000] ACPI: SSDT 0x000000003FFF02A0 0001CC (v01 VBOX   VBOXCPUT 00000002 INTL 20100528)
[    0.000000] No NUMA configuration found
[    0.000000] Faking a node at [mem 0x0000000000000000-0x000000003ffeffff]
[    0.000000] NODE_DATA(0) allocated [mem 0x3ffeb000-0x3ffeffff]
[    0.000000] kvm-clock: Using msrs 4b564d01 and 4b564d00
[    0.000000] kvm-clock: cpu 0, msr 0:3ffe3001, primary cpu clock
[    0.000000] kvm-clock: using sched offset of 3114054249 cycles
[    0.000000] clocksource: kvm-clock: mask: 0xffffffffffffffff max_cycles: 0x1cd42e4dffb, max_idle_ns: 881590591483 ns
[    0.000000] Zone ranges:
[    0.000000]   DMA      [mem 0x0000000000001000-0x0000000000ffffff]
[    0.000000]   DMA32    [mem 0x0000000001000000-0x000000003ffeffff]
[    0.000000]   Normal   empty
[    0.000000]   Device   empty
[    0.000000] Movable zone start for each node
[    0.000000] Early memory node ranges
[    0.000000]   node   0: [mem 0x0000000000001000-0x000000000009efff]
[    0.000000]   node   0: [mem 0x0000000000100000-0x000000003ffeffff]
[    0.000000] Initmem setup node 0 [mem 0x0000000000001000-0x000000003ffeffff]
[    0.000000] ACPI: PM-Timer IO Port: 0x4008
[    0.000000] IOAPIC[0]: apic_id 2, version 32, address 0xfec00000, GSI 0-23
[    0.000000] ACPI: INT_SRC_OVR (bus 0 bus_irq 0 global_irq 2 dfl dfl)
[    0.000000] ACPI: INT_SRC_OVR (bus 0 bus_irq 9 global_irq 9 low level)
[    0.000000] Using ACPI (MADT) for SMP configuration information
[    0.000000] smpboot: Allowing 2 CPUs, 0 hotplug CPUs
[    0.000000] PM: Registered nosave memory: [mem 0x00000000-0x00000fff]
[    0.000000] PM: Registered nosave memory: [mem 0x0009f000-0x0009ffff]
[    0.000000] PM: Registered nosave memory: [mem 0x000a0000-0x000effff]
[    0.000000] PM: Registered nosave memory: [mem 0x000f0000-0x000fffff]
[    0.000000] e820: [mem 0x40000000-0xfebfffff] available for PCI devices
[    0.000000] Booting paravirtualized kernel on KVM
[    0.000000] clocksource: refined-jiffies: mask: 0xffffffff max_cycles: 0xffffffff, max_idle_ns: 7645519600211568 ns
[    0.000000] setup_percpu: NR_CPUS:512 nr_cpumask_bits:512 nr_cpu_ids:2 nr_node_ids:1
[    0.000000] PERCPU: Embedded 33 pages/cpu @ffff88003fc00000 s95640 r8192 d31336 u1048576
[    0.000000] Built 1 zonelists in Node order, mobility grouping on.  Total pages: 257912
[    0.000000] Policy zone: DMA32
[    0.000000] Kernel command line: BOOT_IMAGE=/boot/vmlinuz-4.4.0-203-generic root=LABEL=cloudimg-rootfs ro console=tty1 console=ttyS0
[    0.000000] PID hash table entries: 4096 (order: 3, 32768 bytes)
[    0.000000] Memory: 997652K/1048120K available (8641K kernel code, 1337K rwdata, 4044K rodata, 1496K init, 1296K bss, 50468K reserved, 0K cma-reserved)
[    0.000000] SLUB: HWalign=64, Order=0-3, MinObjects=0, CPUs=2, Nodes=1
[    0.000000] Hierarchical RCU implementation.
[    0.000000] 	Build-time adjustment of leaf fanout to 64.
[    0.000000] 	RCU restricting CPUs from NR_CPUS=512 to nr_cpu_ids=2.
[    0.000000] RCU: Adjusting geometry for rcu_fanout_leaf=64, nr_cpu_ids=2
[    0.000000] NR_IRQS:33024 nr_irqs:440 16
[    0.000000] Console: colour VGA+ 80x25
[    0.000000] console [tty1] enabled
[    0.000000] console [ttyS0] enabled
[    0.000000] tsc: Detected 3800.000 MHz processor
[    0.106711] Calibrating delay loop (skipped) preset value.. 7600.00 BogoMIPS (lpj=15200000)
[    0.107757] pid_max: default: 32768 minimum: 301
[    0.108329] ACPI: Core revision 20150930
[    0.109413] ACPI: 2 ACPI AML tables successfully acquired and loaded
[    0.110263] Security Framework initialized
[    0.110782] Yama: becoming mindful.
[    0.111318] AppArmor: AppArmor initialized
[    0.111895] Dentry cache hash table entries: 131072 (order: 8, 1048576 bytes)
[    0.112801] Inode-cache hash table entries: 65536 (order: 7, 524288 bytes)
[    0.117787] Mount-cache hash table entries: 2048 (order: 2, 16384 bytes)
[    0.118551] Mountpoint-cache hash table entries: 2048 (order: 2, 16384 bytes)
[    0.119488] Initializing cgroup subsys io
[    0.120039] Initializing cgroup subsys memory
[    0.120590] Initializing cgroup subsys devices
[    0.121189] Initializing cgroup subsys freezer
[    0.121758] Initializing cgroup subsys net_cls
[    0.122307] Initializing cgroup subsys perf_event
[    0.122890] Initializing cgroup subsys net_prio
[    0.123436] Initializing cgroup subsys hugetlb
[    0.123987] Initializing cgroup subsys pids
[    0.132099] mce: CPU supports 0 MCE banks
[    0.132642] Last level iTLB entries: 4KB 1024, 2MB 1024, 4MB 512
[    0.133321] Last level dTLB entries: 4KB 2048, 2MB 2048, 4MB 1024, 1GB 0
[    0.134066] Spectre V1 : Mitigation: usercopy/swapgs barriers and __user pointer sanitization
[    0.135123] Spectre V2 : Spectre mitigation: LFENCE not serializing, switching to generic retpoline
[    0.136223] Spectre V2 : Mitigation: Full generic retpoline
[    0.136895] Spectre V2 : Spectre v2 / SpectreRSB mitigation: Filling RSB on context switch
[    0.137959] Speculative Store Bypass: Mitigation: Speculative Store Bypass disabled via prctl and seccomp
[    0.140886] Freeing SMP alternatives memory: 36K
[    0.145830] ftrace: allocating 32366 entries in 127 pages
[    0.189189] smpboot: APIC(0) Converting physical 0 to logical package 0
[    0.189957] smpboot: Max logical packages: 1
[    0.190653] x2apic enabled
[    0.191232] Switched APIC routing to physical x2apic.
[    0.192653] ..TIMER: vector=0x30 apic1=0 pin1=2 apic2=-1 pin2=-1
[    0.301470] smpboot: CPU0: AMD Ryzen 5 3600XT 6-Core Processor (family: 0x17, model: 0x71, stepping: 0x0)
[    0.302841] Performance Events: Broken PMU hardware detected, using software events only.
[    0.303914] Failed to access perfctr msr (MSR c0010007 is 0)
[    0.309392] KVM setup paravirtual spinlock
[    0.310503] x86: Booting SMP configuration:
[    0.311059] .... node  #0, CPUs:      #1
[    0.311682] kvm-clock: cpu 1, msr 0:3ffe3041, secondary cpu clock
[    0.319719] mce: CPU supports 0 MCE banks
[    0.322057] x86: Booted up 1 node, 2 CPUs
[    0.322713] smpboot: Total of 2 processors activated (15200.00 BogoMIPS)
[    0.323780] devtmpfs: initialized
[    0.325804] evm: security.selinux
[    0.326255] evm: security.SMACK64
[    0.326709] evm: security.SMACK64EXEC
[    0.327173] evm: security.SMACK64TRANSMUTE
[    0.327693] evm: security.SMACK64MMAP
[    0.328162] evm: security.ima
[    0.328586] evm: security.capability
[    0.334109] clocksource: jiffies: mask: 0xffffffff max_cycles: 0xffffffff, max_idle_ns: 7645041785100000 ns
[    0.335672] futex hash table entries: 512 (order: 3, 32768 bytes)
[    0.336641] pinctrl core: initialized pinctrl subsystem
[    0.337386] RTC time:  8:09:54, date: 03/08/21
[    0.338217] NET: Registered protocol family 16
[    0.351843] cpuidle: using governor ladder
[    0.365510] cpuidle: using governor menu
[    0.366026] PCCT header not found.
[    0.366723] ACPI: bus type PCI registered
[    0.367229] acpiphp: ACPI Hot Plug PCI Controller Driver version: 0.5
[    0.368006] PCI: Using configuration type 1 for base access
[    0.368661] PCI: Using configuration type 1 for extended access
[    0.381658] ACPI: Added _OSI(Module Device)
[    0.382299] ACPI: Added _OSI(Processor Device)
[    0.382862] ACPI: Added _OSI(3.0 _SCP Extensions)
[    0.383422] ACPI: Added _OSI(Processor Aggregator Device)
[    0.384395] ACPI: Executed 1 blocks of module-level executable AML code
[    0.386229] ACPI: Interpreter enabled
[    0.386708] ACPI: (supports S0 S5)
[    0.387212] ACPI: Using IOAPIC for interrupt routing
[    0.387963] PCI: Using host bridge windows from ACPI; if necessary, use "pci=nocrs" and report a bug
[    0.391078] ACPI: PCI Root Bridge [PCI0] (domain 0000 [bus 00-ff])
[    0.391834] acpi PNP0A03:00: _OSC: OS supports [ExtendedConfig ASPM ClockPM Segments MSI]
[    0.393130] acpi PNP0A03:00: _OSC: platform does not support [PCIeCapability]
[    0.394070] acpi PNP0A03:00: _OSC: not requesting control; platform does not support [PCIeCapability]
[    0.395145] acpi PNP0A03:00: _OSC: OS requested [PCIeHotplug PME AER PCIeCapability]
[    0.397067] acpi PNP0A03:00: _OSC: platform willing to grant [PCIeHotplug PME AER]
[    0.398047] acpi PNP0A03:00: _OSC failed (AE_SUPPORT); disabling ASPM
[    0.399107] PCI host bridge to bus 0000:00
[    0.399618] pci_bus 0000:00: root bus resource [io  0x0000-0x0cf7 window]
[    0.406358] pci_bus 0000:00: root bus resource [io  0x0d00-0xffff window]
[    0.407145] pci_bus 0000:00: root bus resource [mem 0x000a0000-0x000bffff window]
[    0.408104] pci_bus 0000:00: root bus resource [mem 0x40000000-0xfdffffff window]
[    0.409121] pci_bus 0000:00: root bus resource [bus 00-ff]
[    0.410991] pci 0000:00:01.1: legacy IDE quirk: reg 0x10: [io  0x01f0-0x01f7]
[    0.411789] pci 0000:00:01.1: legacy IDE quirk: reg 0x14: [io  0x03f6]
[    0.412584] pci 0000:00:01.1: legacy IDE quirk: reg 0x18: [io  0x0170-0x0177]
[    0.413370] pci 0000:00:01.1: legacy IDE quirk: reg 0x1c: [io  0x0376]
[    0.419202] pci 0000:00:07.0: quirk: [io  0x4000-0x403f] claimed by PIIX4 ACPI
[    0.420137] pci 0000:00:07.0: quirk: [io  0x4100-0x410f] claimed by PIIX4 SMB
[    0.423934] ACPI: PCI Interrupt Link [LNKA] (IRQs 5 9 10 *11)
[    0.424965] ACPI: PCI Interrupt Link [LNKB] (IRQs 5 9 *10 11)
[    0.425963] ACPI: PCI Interrupt Link [LNKC] (IRQs 5 *9 10 11)
[    0.426932] ACPI: PCI Interrupt Link [LNKD] (IRQs 5 9 10 *11)
[    0.427911] ACPI: Enabled 2 GPEs in block 00 to 07
[    0.428698] vgaarb: setting as boot device: PCI:0000:00:02.0
[    0.429330] vgaarb: device added: PCI:0000:00:02.0,decodes=io+mem,owns=io+mem,locks=none
[    0.430317] vgaarb: loaded
[    0.430722] vgaarb: bridge control possible 0000:00:02.0
[    0.431472] SCSI subsystem initialized
[    0.432015] ACPI: bus type USB registered
[    0.432540] usbcore: registered new interface driver usbfs
[    0.433165] usbcore: registered new interface driver hub
[    0.433849] usbcore: registered new device driver usb
[    0.434558] PCI: Using ACPI for IRQ routing
[    0.435278] NetLabel: Initializing
[    0.435737] NetLabel:  domain hash size = 128
[    0.436287] NetLabel:  protocols = UNLABELED CIPSOv4
[    0.436878] NetLabel:  unlabeled traffic allowed by default
[    0.437584] amd_nb: Cannot enumerate AMD northbridges
[    0.438216] clocksource: Switched to clocksource kvm-clock
[    0.451182] AppArmor: AppArmor Filesystem Enabled
[    0.451857] pnp: PnP ACPI init
[    0.452748] pnp: PnP ACPI: found 3 devices
[    0.460022] clocksource: acpi_pm: mask: 0xffffff max_cycles: 0xffffff, max_idle_ns: 2085701024 ns
[    0.461095] NET: Registered protocol family 2
[    0.461752] TCP established hash table entries: 8192 (order: 4, 65536 bytes)
[    0.462549] TCP bind hash table entries: 8192 (order: 5, 131072 bytes)
[    0.463350] TCP: Hash tables configured (established 8192 bind 8192)
[    0.467614] UDP hash table entries: 512 (order: 2, 16384 bytes)
[    0.468301] UDP-Lite hash table entries: 512 (order: 2, 16384 bytes)
[    0.469085] NET: Registered protocol family 1
[    0.469637] pci 0000:00:00.0: Limiting direct PCI/PCI transfers
[    0.470321] pci 0000:00:01.0: Activating ISA DMA hang workarounds
[    0.471107] Unpacking initramfs...
[    0.742544] Freeing initrd memory: 14888K
[    0.743179] clocksource: tsc: mask: 0xffffffffffffffff max_cycles: 0x6d8cb0e20f4, max_idle_ns: 881590468932 ns
[    0.744364] platform rtc_cmos: registered platform RTC device (no PNP device found)
[    0.745334] Scanning for low memory corruption every 60 seconds
[    0.746547] audit: initializing netlink subsys (disabled)
[    0.747209] audit: type=2000 audit(1615190999.799:1): initialized
[    0.748083] Initialise system trusted keyring
[    0.748788] HugeTLB registered 2 MB page size, pre-allocated 0 pages
[    0.750166] zbud: loaded
[    0.750806] VFS: Disk quotas dquot_6.6.0
[    0.751390] VFS: Dquot-cache hash table entries: 512 (order 0, 4096 bytes)
[    0.752285] squashfs: version 4.0 (2009/01/31) Phillip Lougher
[    0.761129] fuse init (API version 7.23)
[    0.761807] Key type big_key registered
[    0.762450] Allocating IMA MOK and blacklist keyrings.
[    0.763747] Key type asymmetric registered
[    0.764280] Asymmetric key parser 'x509' registered
[    0.764879] Block layer SCSI generic (bsg) driver version 0.4 loaded (major 249)
[    0.765882] io scheduler noop registered
[    0.766389] io scheduler deadline registered (default)
[    0.767045] io scheduler cfq registered
[    0.767592] pci_hotplug: PCI Hot Plug PCI Core version: 0.5
[    0.768247] pciehp: PCI Express Hot Plug Controller Driver version: 0.4
[    0.769042] ACPI: AC Adapter [AC] (on-line)
[    0.769598] input: Power Button as /devices/LNXSYSTM:00/LNXPWRBN:00/input/input0
[    0.770506] ACPI: Power Button [PWRF]
[    0.771027] input: Sleep Button as /devices/LNXSYSTM:00/LNXSLPBN:00/input/input1
[    0.771989] ACPI: Sleep Button [SLPF]
[    0.772646] GHES: HEST is not enabled!
[    0.773252] Serial: 8250/16550 driver, 32 ports, IRQ sharing enabled
[    0.794392] 00:02: ttyS0 at I/O 0x3f8 (irq = 4, base_baud = 115200) is a 16550A
[    0.796589] Linux agpgart interface v0.103
[    0.798153] loop: module loaded
[    0.798951] scsi host0: ata_piix
[    0.799486] scsi host1: ata_piix
[    0.799955] ata1: PATA max UDMA/33 cmd 0x1f0 ctl 0x3f6 bmdma 0xd000 irq 14
[    0.800710] ata2: PATA max UDMA/33 cmd 0x170 ctl 0x376 bmdma 0xd008 irq 15
[    0.801548] libphy: Fixed MDIO Bus: probed
[    0.802081] tun: Universal TUN/TAP device driver, 1.6
[    0.802680] tun: (C) 1999-2004 Max Krasnyansky <maxk@qualcomm.com>
[    0.803418] PPP generic driver version 2.4.2
[    0.804002] ehci_hcd: USB 2.0 'Enhanced' Host Controller (EHCI) Driver
[    0.804738] ehci-pci: EHCI PCI platform driver
[    0.805279] ehci-platform: EHCI generic platform driver
[    0.805887] ohci_hcd: USB 1.1 'Open' Host Controller (OHCI) Driver
[    0.806630] ohci-pci: OHCI PCI platform driver
[    0.807197] ohci-platform: OHCI generic platform driver
[    0.807809] uhci_hcd: USB Universal Host Controller Interface driver
[    0.808528] i8042: PNP: PS/2 Controller [PNP0303:PS2K,PNP0f03:PS2M] at 0x60,0x64 irq 1,12
[    0.809906] serio: i8042 KBD port at 0x60,0x64 irq 1
[    0.810566] serio: i8042 AUX port at 0x60,0x64 irq 12
[    0.811323] mousedev: PS/2 mouse device common for all mice
[    0.812353] input: AT Translated Set 2 keyboard as /devices/platform/i8042/serio0/input/input2
[    0.813384] rtc_cmos rtc_cmos: rtc core: registered rtc_cmos as rtc0
[    0.814219] rtc_cmos rtc_cmos: alarms up to one day, 114 bytes nvram
[    0.814939] i2c /dev entries driver
[    0.815538] device-mapper: uevent: version 1.0.3
[    0.816162] device-mapper: ioctl: 4.34.0-ioctl (2015-10-28) initialised: dm-devel@redhat.com
[    0.817185] ledtrig-cpu: registered to indicate activity on CPUs
[    0.818147] NET: Registered protocol family 10
[    0.818833] NET: Registered protocol family 17
[    0.819406] Key type dns_resolver registered
[    0.820178] registered taskstats version 1
[    0.820718] Loading compiled-in X.509 certificates
[    0.821643] Loaded X.509 cert 'Build time autogenerated kernel key: c0f1dd89d7e09a1955be4fde7c6f946674683c10'
[    0.822799] zswap: loaded using pool lzo/zbud
[    0.824383] Key type trusted registered
[    0.826655] Key type encrypted registered
[    0.827169] AppArmor: AppArmor sha1 policy hashing enabled
[    0.827849] ima: No TPM chip found, activating TPM-bypass!
[    0.828501] ima: Allocated hash algorithm: sha1
[    0.829075] evm: HMAC attrs: 0x1
[    0.829708]   Magic number: 13:45:169
[    0.830268] rtc_cmos rtc_cmos: setting system clock to 2021-03-08 08:09:54 UTC (1615190994)
[    0.831338] BIOS EDD facility v0.16 2004-Jun-25, 0 devices found
[    0.832005] EDD information not available.
[    1.347456] Freeing unused kernel memory: 1496K
[    1.348125] Write protecting the kernel read-only data: 14336k
[    1.349137] Freeing unused kernel memory: 1588K
[    1.350097] Freeing unused kernel memory: 52K
Loading, please wait...
starting version 229
[    1.359223] random: systemd-udevd: uninitialized urandom read (16 bytes read, 3 bits of entropy available)
[    1.359467] random: udevadm: uninitialized urandom read (16 bytes read, 3 bits of entropy available)
[    1.359493] random: udevadm: uninitialized urandom read (16 bytes read, 3 bits of entropy available)
[    1.362697] random: systemd-udevd: uninitialized urandom read (16 bytes read, 3 bits of entropy available)
[    1.363932] random: systemd-udevd: uninitialized urandom read (16 bytes read, 3 bits of entropy available)
[    1.364050] random: udevadm: uninitialized urandom read (16 bytes read, 3 bits of entropy available)
[    1.364078] random: udevadm: uninitialized urandom read (16 bytes read, 3 bits of entropy available)
[    1.364152] random: udevadm: uninitialized urandom read (16 bytes read, 3 bits of entropy available)
[    1.364181] random: udevadm: uninitialized urandom read (16 bytes read, 3 bits of entropy available)
[    1.364212] random: udevadm: uninitialized urandom read (16 bytes read, 3 bits of entropy available)
[    1.388510] e1000: Intel(R) PRO/1000 Network Driver - version 7.3.21-k8-NAPI
[    1.389322] e1000: Copyright (c) 1999-2006 Intel Corporation.
[    1.390146] Fusion MPT base driver 3.04.20
[    1.390765] Copyright (c) 1999-2008 LSI Corporation
[    1.393772] Fusion MPT SPI Host driver 3.04.20
[    1.405270] AVX2 version of gcm_enc/dec engaged.
[    1.405938] AES CTR mode by8 optimization enabled
[    1.622406] input: ImExPS/2 Generic Explorer Mouse as /devices/platform/i8042/serio1/input/input4
[    1.887046] e1000 0000:00:03.0 eth0: (PCI:33MHz:32-bit) 02:49:cb:75:7f:af
[    1.887879] e1000 0000:00:03.0 eth0: Intel(R) PRO/1000 Network Connection
[    2.233512] e1000 0000:00:08.0 eth1: (PCI:33MHz:32-bit) 08:00:27:44:2b:38
[    2.234312] e1000 0000:00:08.0 eth1: Intel(R) PRO/1000 Network Connection
[    2.235539] mptbase: ioc0: Initiating bringup
[    2.236084] e1000 0000:00:03.0 enp0s3: renamed from eth0
[    2.246849] e1000 0000:00:08.0 enp0s8: renamed from eth1
[    2.450774] ioc0: LSI53C1030 A0: Capabilities={Initiator}
[    2.612091] scsi host2: ioc0: LSI53C1030 A0, FwRev=00000000h, Ports=1, MaxQ=256, IRQ=20
[    2.735492] scsi 2:0:0:0: Direct-Access     VBOX     HARDDISK         1.0  PQ: 0 ANSI: 5
[    2.736539] scsi target2:0:0: Beginning Domain Validation
[    2.737731] scsi target2:0:0: Domain Validation skipping write tests
[    2.738579] scsi target2:0:0: Ending Domain Validation
[    2.739259] scsi target2:0:0: asynchronous
[    2.740397] scsi 2:0:1:0: Direct-Access     VBOX     HARDDISK         1.0  PQ: 0 ANSI: 5
[    2.741364] scsi target2:0:1: Beginning Domain Validation
[    2.742339] scsi target2:0:1: Domain Validation skipping write tests
[    2.743042] scsi target2:0:1: Ending Domain Validation
[    2.743658] scsi target2:0:1: asynchronous
[    2.747675] sd 2:0:0:0: Attached scsi generic sg0 type 0
[    2.747746] sd 2:0:0:0: [sda] 83886080 512-byte logical blocks: (42.9 GB/40.0 GiB)
[    2.747872] sd 2:0:0:0: [sda] Write Protect is off
[    2.747954] sd 2:0:0:0: [sda] Incomplete mode parameter data
[    2.747955] sd 2:0:0:0: [sda] Assuming drive cache: write through
[    2.748785]  sda: sda1
[    2.749296] sd 2:0:0:0: [sda] Attached SCSI disk
[    2.752842] sd 2:0:1:0: Attached scsi generic sg1 type 0
[    2.752955] sd 2:0:1:0: [sdb] 20480 512-byte logical blocks: (10.5 MB/10.0 MiB)
[    2.753040] sd 2:0:1:0: [sdb] Write Protect is off
[    2.753127] sd 2:0:1:0: [sdb] Incomplete mode parameter data
[    2.753128] sd 2:0:1:0: [sdb] Assuming drive cache: write through
[    2.754488] sd 2:0:1:0: [sdb] Attached SCSI disk
Begin: Loading essential drivers ... [    4.000567] md: linear personality registered for level -1
[    4.003123] md: multipath personality registered for level -4
[    4.005330] md: raid0 personality registered for level 0
[    4.008237] md: raid1 personality registered for level 1
[    4.080042] raid6: sse2x1   gen()  8694 MB/s
[    4.146460] raid6: sse2x1   xor()  8295 MB/s
[    4.215755] raid6: sse2x2   gen() 19075 MB/s
[    4.284116] raid6: sse2x2   xor() 13021 MB/s
[    4.350477] raid6: sse2x4   gen() 18434 MB/s
[    4.418956] raid6: sse2x4   xor() 10929 MB/s
[    4.486339] raid6: avx2x1   gen() 22413 MB/s
[    4.555149] raid6: avx2x2   gen() 35392 MB/s
[    4.622231] raid6: avx2x4   gen() 36469 MB/s
[    4.622935] raid6: using algorithm avx2x4 gen() 36469 MB/s
[    4.623764] raid6: using avx2x2 recovery algorithm
[    4.625253] xor: automatically using best checksumming function:
[    4.663559]    avx       : 21245.000 MB/sec
[    4.664893] async_tx: api initialized (async)
[    4.671197] md: raid6 personality registered for level 6
[    4.671911] md: raid5 personality registered for level 5
[    4.672665] md: raid4 personality registered for level 4
[    4.677067] md: raid10 personality registered for level 10
done.
Begin: Running /scripts/init-premount ... done.
Begin: Mounting root file system ... Begin: Running /scripts/local-top ... done.
Begin: Running /scripts/local-premount ... [    4.695368] Btrfs loaded
Scanning for Btrfs filesystems
done.
Warning: fsck not present, so skipping root file system
[    4.717008] EXT4-fs (sda1): INFO: recovery required on readonly filesystem
[    4.717807] EXT4-fs (sda1): write access will be enabled during recovery
[    4.729751] EXT4-fs (sda1): orphan cleanup on readonly fs
[    4.730454] EXT4-fs (sda1): 6 orphan inodes deleted
[    4.731045] EXT4-fs (sda1): recovery complete
[    4.731906] EXT4-fs (sda1): mounted filesystem with ordered data mode. Opts: (null)
done.
Begin: Running /scripts/local-bottom ... done.
Begin: Running /scripts/init-bottom ... done.
[    4.795117] systemd[1]: systemd 229 running in system mode. (+PAM +AUDIT +SELINUX +IMA +APPARMOR +SMACK +SYSVINIT +UTMP +LIBCRYPTSETUP +GCRYPT +GNUTLS +ACL +XZ -LZ4 +SECCOMP +BLKID +ELFUTILS +KMOD -IDN)
[    4.797941] systemd[1]: Detected virtualization oracle.
[    4.798898] systemd[1]: Detected architecture x86-64.

Welcome to [1mUbuntu 16.04.7 LTS[0m!

[    4.802781] systemd[1]: Set hostname to <ubuntu-xenial>.
[    4.883581] systemd[1]: Reached target System Time Synchronized.
[[0;32m  OK  [0m] Reached target System Time Synchronized.
[    4.885012] systemd[1]: Listening on Journal Socket (/dev/log).
[[0;32m  OK  [0m] Listening on Journal Socket (/dev/log).
[    4.886263] systemd[1]: Listening on Journal Socket.
[[0;32m  OK  [0m] Listening on Journal Socket.
[    4.887409] systemd[1]: Listening on LVM2 metadata daemon socket.
[[0;32m  OK  [0m] Listening on LVM2 metadata daemon socket.
[    4.888738] systemd[1]: Listening on /dev/initctl Compatibility Named Pipe.
[[0;32m  OK  [0m] Listening on /dev/initctl Compatibility Named Pipe.
[    4.890372] systemd[1]: Set up automount Arbitrary Executable File Formats File System Automount Point.
[[0;32m  OK  [0m] Set up automount Arbitrary Executab...ats File System Automount Point.
[    4.892345] systemd[1]: Listening on udev Control Socket.
[[0;32m  OK  [0m] Listening on udev Control Socket.
[    4.893961] systemd[1]: Created slice User and Session Slice.
[[0;32m  OK  [0m] Created slice User and Session Slice.
[    4.895271] systemd[1]: Reached target Encrypted Volumes.
[[0;32m  OK  [0m] Reached target Encrypted Volumes.
[    4.903134] systemd[1]: Created slice System Slice.
[[0;32m  OK  [0m] Created slice System Slice.
[    4.918631] systemd[1]: Starting Create list of required static device nodes for the current kernel...
         Starting Create list of required st... nodes for the current kernel...
[    4.927773] systemd[1]: Mounting Huge Pages File System...
         Mounting Huge Pages File System...
[    4.929921] systemd[1]: Starting Remount Root and Kernel File Systems...
         Starting Remount Root and Kernel File Systems...
[    4.931710] systemd[1]: Listening on Journal Audit Socket.
[[0;32m  OK  [0m] Listening on Journal Audit Socket.
[    4.941048] systemd[1]: Started Forward Password Requests to Wall Directory Watch.
[    4.942044] EXT4-fs (sda1): re-mounted. Opts: (null)
[[0;32m  OK  [0m] Started Forward Password Requests to Wall Directory Watch.
[    4.943935] systemd[1]: Mounting POSIX Message Queue File System...
         Mounting POSIX Message Queue File System...
[    4.945753] systemd[1]: Starting Uncomplicated firewall...
         Starting Uncomplicated firewall...
[    4.947140] systemd[1]: Reached target Slices.
[[0;32m  OK  [0m] Reached target Slices.
[    4.948727] systemd[1]: Starting Nameserver information manager...
         Starting Nameserver information manager...
[    4.955231] systemd[1]: Mounting Debug File System...
         Mounting Debug File System...
[    4.962548] systemd[1]: Listening on Syslog Socket.
[[0;32m  OK  [0m] Listening on Syslog Socket.
[    4.964081] systemd[1]: Starting Journal Service...
         Starting Journal Service...
[    4.965136] systemd[1]: Reached target Swap.
[[0;32m  OK  [0m] Reached target Swap.
[    4.966311] systemd[1]: Created slice system-serial\x2dgetty.slice.
[[0;32m  OK  [0m] Created slice system-serial\x2dgetty.slice.
[    4.967662] systemd[1]: Listening on LVM2 poll daemon socket.
[[0;32m  OK  [0m] Listening on LVM2 poll daemon socket.
[    4.976191] systemd[1]: Reached target User and Group Name Lookups.
[[0;32m  OK  [0m] Reached target User and Group Name Lookups.
[    4.977530] systemd[1]: Listening on Device-mapper event daemon FIFOs.
[[0;32m  OK  [0m] Listening on Device-mapper event daemon FIFOs.
[    4.979658] systemd[1]: Starting Monitoring of LVM2 mirrors, snapshots etc. using dmeventd or progress polling...
         Starting Monitoring of LVM2 mirrors... dmeventd or progress polling...
[    4.981701] systemd[1]: Listening on udev Kernel Socket.
[[0;32m  OK  [0m] Listening on udev Kernel Socket.
[    4.994773] systemd[1]: Started Trigger resolvconf update for networkd DNS.
[[0;32m  OK  [0m] Started Trigger resolvconf update for networkd DNS.
[    5.023064] systemd[1]: Starting Load Kernel Modules...
         Starting Load Kernel Modules...
[    5.024605] systemd[1]: Starting Set console keymap...
         Starting Set console keymap...
[    5.026397] systemd[1]: Mounted Huge Pages File System.
[[0;32m  OK  [0m] Mounted Huge Pages File System.
[    5.027574] systemd[1]: Mounted Debug File System.
[[0;32m  OK  [0m] Mounted Debug File System.
[    5.028704] Loading iSCSI transport class v2.0-870.
[    5.028722] systemd[1]: Mounted POSIX Message Queue File System.
[[0;32m  OK  [0m] Mounted POSIX Message Queue File System.
[    5.030712] systemd[1]: Started Journal Service.
[[0;32m  OK  [0m] Started Journal Service.
[[0;32m  OK  [0m] Started Create list of required sta...ce nodes for the current kernel.
[[0;32m  OK  [0m] Started Remount Root and Kernel File Systems.
[[0;32m  OK  [0m] Started Uncomplicated firewall.
[    5.035530] iscsi: registered transport (tcp)
[[0;32m  OK  [0m] Started LVM2 metadata daemon.
         Starting udev Coldplug all Devices...
         Starting Load/Save Random Seed...
         Starting Create Static Device Nodes in /dev...
         Starting Flush Journal to Persistent Storage...
[[0;32m  OK  [0m] Started Nameserver information manager.
[[0;32m  OK  [0m] Started Load/Save Random Seed.
[    5.061986] systemd-journald[392]: Received request to flush runtime journal from PID 1
[[0;32m  OK  [0m] Started Flush Journal to Persistent Storage.
[[0;32m  OK  [0m] Started Create Static Device Nodes in /dev.
         Starting udev Kernel Device Manager...
[[0;32m  OK  [0m] Started Set console keymap.
[    5.098747] iscsi: registered transport (iser)
[[0;32m  OK  [0m] Started Load Kernel Modules.
         Starting Apply Kernel Variables...
         Mounting FUSE Control File System...
[[0;32m  OK  [0m] Mounted FUSE Control File System.
[[0;32m  OK  [0m] Started Apply Kernel Variables.
[[0;32m  OK  [0m] Started udev Coldplug all Devices.
[[0;32m  OK  [0m] Started udev Kernel Device Manager.
[[0;32m  OK  [0m] Started Dispatch Password Requests to Console Directory Watch.
[[0;32m  OK  [0m] Started Monitoring of LVM2 mirrors,...ng dmeventd or progress polling.
[[0;32m  OK  [0m] Reached target Local File Systems (Pre).
         Mounting /vagrant...
         Mounting /var/www/html...
[[0;32m  OK  [0m] Reached target Local File Systems.
         Starting Tell Plymouth To Write Out Runtime Data...
         Starting LSB: AppArmor initialization...
         Starting Initial cloud-init job (pre-networking)...
         Starting Create Volatile Files and Directories...
         Starting Set console font and keymap...
[[0;1;31mFAILED[0m] Failed to mount /vagrant.
See 'systemctl status vagrant.mount' for details.
[[0;1;31mFAILED[0m] Failed to mount /var/www/html.
See 'systemctl status var-www-html.mount' for details.
[[0;32m  OK  [0m] Started Create Volatile Files and Directories.
         Starting Update UTMP about System Boot/Shutdown...
[[0;32m  OK  [0m] Started Tell Plymouth To Write Out Runtime Data.
[[0;32m  OK  [0m] Started Update UTMP about System Boot/Shutdown.
[[0;32m  OK  [0m] Found device /dev/ttyS0.
[[0;32m  OK  [0m] Listening on Load/Save RF Kill Switch Status /dev/rfkill Watch.
[[0;32m  OK  [0m] Started LSB: AppArmor initialization.
         Starting Load AppArmor profiles managed internally by snapd...
[[0;32m  OK  [0m] Started Load AppArmor profiles managed internally by snapd.
[[0;32m  OK  [0m] Found device 82540EM Gigabit Ethern...r (PRO/1000 MT Desktop Adapter).
[[0;32m  OK  [0m] Found device 82540EM Gigabit Ethern...r (PRO/1000 MT Desktop Adapter).
[    5.757426] cloud-init[495]: Cloud-init v. 20.4.1-0ubuntu1~16.04.1 running 'init-local' at Mon, 08 Mar 2021 08:09:59 +0000. Up 5.57 seconds.
[[0;32m  OK  [0m] Started Initial cloud-init job (pre-networking).
[[0;32m  OK  [0m] Started Set console font and keymap.
[[0;32m  OK  [0m] Created slice system-getty.slice.
[[0;32m  OK  [0m] Reached target Network (Pre).
[[0;32m  OK  [0m] Started ifup for enp0s3.
         Starting Raise network interfaces...
[[0;32m  OK  [0m] Started ifup for enp0s8.
[[0;32m  OK  [0m] Started Raise network interfaces.
         Starting Initial cloud-init job (metadata service crawler)...
[[0;32m  OK  [0m] Reached target Network.
[    6.240044] cloud-init[1087]: Cloud-init v. 20.4.1-0ubuntu1~16.04.1 running 'init' at Mon, 08 Mar 2021 08:09:59 +0000. Up 6.10 seconds.
[    6.241067] cloud-init[1087]: ci-info: ++++++++++++++++++++++++++++++++++++++Net device info+++++++++++++++++++++++++++++++++++++++
[    6.241940] cloud-init[1087]: ci-info: +--------+------+-----------------------------+---------------+--------+-------------------+
[    6.242954] cloud-init[1087]: ci-info: | Device |  Up  |           Address           |      Mask     | Scope  |     Hw-Address    |
[    6.244151] cloud-init[1087]: ci-info: +--------+------+-----------------------------+---------------+--------+-------------------+
[    6.245080] cloud-init[1087]: ci-info: | enp0s3 | True |          10.0.2.15          | 255.255.255.0 | global | 02:49:cb:75:7f:af |
[    6.245996] cloud-init[1087]: ci-info: | enp0s3 | True |  fe80::49:cbff:fe75:7faf/64 |       .       |  link  | 02:49:cb:75:7f:af |
[    6.246956] cloud-init[1087]: ci-info: | enp0s8 | True |        192.168.33.10        | 255.255.255.0 | global | 08:00:27:44:2b:38 |
[    6.247848] cloud-init[1087]: ci-info: | enp0s8 | True | fe80::a00:27ff:fe44:2b38/64 |       .       |  link  | 08:00:27:44:2b:38 |
[    6.248830] cloud-init[1087]: ci-info: |   lo   | True |          127.0.0.1          |   255.0.0.0   |  host  |         .         |
[    6.249775] cloud-init[1087]: ci-info: |   lo   | True |           ::1/128           |       .       |  host  |         .         |
[    6.250622] cloud-init[1087]: ci-info: +--------+------+-----------------------------+---------------+--------+-------------------+
[    6.251467] cloud-init[1087]: ci-info: ++++++++++++++++++++++++++++Route IPv4 info++++++++++++++++++++++++++++
[    6.261029] cloud-init[1087]: ci-info: +-------+--------------+----------+---------------+-----------+-------+
[    6.261994] cloud-init[1087]: ci-info: | Route | Destination  | Gateway  |    Genmask    | Interface | Flags |
[    6.263034] cloud-init[1087]: ci-info: +-------+--------------+----------+---------------+-----------+-------+
[    6.263868] cloud-init[1087]: ci-info: |   0   |   0.0.0.0    | 10.0.2.2 |    0.0.0.0    |   enp0s3  |   UG  |
[    6.264713] cloud-init[1087]: ci-info: |   1   |   10.0.2.0   | 0.0.0.0  | 255.255.255.0 |   enp0s3  |   U   |
[    6.265473] cloud-init[1087]: ci-info: |   2   | 192.168.33.0 | 0.0.0.0  | 255.255.255.0 |   enp0s8  |   U   |
[    6.266269] cloud-init[1087]: ci-info: +-------+--------------+----------+---------------+-----------+-------+
[    6.267047] cloud-init[1087]: ci-info: +++++++++++++++++++Route IPv6 info+++++++++++++++++++
[    6.272671] cloud-init[1087]: ci-info: +-------+-------------+---------+-----------+-------+
[    6.275156] cloud-init[1087]: ci-info: | Route | Destination | Gateway | Interface | Flags |
[    6.275907] cloud-init[1087]: ci-info: +-------+-------------+---------+-----------+-------+
[    6.276670] cloud-init[1087]: ci-info: |   0   |  fe80::/64  |    ::   |   enp0s3  |   U   |
[    6.277426] cloud-init[1087]: ci-info: |   1   |  fe80::/64  |    ::   |   enp0s8  |   U   |
[    6.278239] cloud-init[1087]: ci-info: |   4   |   ff00::/8  |    ::   |   enp0s3  |   U   |
[    6.278986] cloud-init[1087]: ci-info: |   5   |   ff00::/8  |    ::   |   enp0s8  |   U   |
[    6.279719] cloud-init[1087]: ci-info: +-------+-------------+---------+-----------+-------+
[[0;32m  OK  [0m] Started Initial cloud-init job (metadata service crawler).
[[0;32m  OK  [0m] Reached target Network is Online.
         Starting iSCSI initiator daemon (iscsid)...
[[0;32m  OK  [0m] Reached target System Initialization.
         Starting Socket activation for snappy daemon.
[[0;32m  OK  [0m] Listening on D-Bus System Message Bus Socket.
[[0;32m  OK  [0m] Started Daily apt download activities.
         Starting LXD - unix socket.
[[0;32m  OK  [0m] Listening on ACPID Listen Socket.
[[0;32m  OK  [0m] Started Daily Cleanup of Temporary Directories.
[[0;32m  OK  [0m] Started Message of the Day.
[[0;32m  OK  [0m] Started ACPI Events Check.
[[0;32m  OK  [0m] Reached target Paths.
[[0;32m  OK  [0m] Started Daily apt upgrade and clean activities.
[[0;32m  OK  [0m] Listening on UUID daemon activation socket.
[[0;32m  OK  [0m] Started Clean PHP session files every 30 mins.
[[0;32m  OK  [0m] Reached target Timers.
[[0;32m  OK  [0m] Reached target Cloud-config availability.
[[0;32m  OK  [0m] Listening on Socket activation for snappy daemon.
[[0;32m  OK  [0m] Listening on LXD - unix socket.
[[0;32m  OK  [0m] Started iSCSI initiator daemon (iscsid).
         Starting Login to default iSCSI targets...
[[0;32m  OK  [0m] Reached target Sockets.
[[0;32m  OK  [0m] Reached target Basic System.
         Starting Message of the Day...
         Starting MySQL Community Server...
         Starting Accounts Service...
[[0;32m  OK  [0m] Started FUSE filesystem for LXC.
[[0;32m  OK  [0m] Started D-Bus System Message Bus.
         Starting LSB: Record successful boot for GRUB...
[[0;32m  OK  [0m] Started Regular background program processing daemon.
         Starting System Logging Service...
         Starting /etc/rc.local Compatibility...
         Starting LXD - container startup/shutdown...
         Starting Clean php session files...
         Starting OpenBSD Secure Shell server...
[[0;32m  OK  [0m] Started Deferred execution scheduler.
         Starting Virtualbox guest utils...
         Starting Login Service...
         Starting LSB: MD monitoring daemon...
[[0;32m  OK  [0m] Started ACPI event daemon.
         Starting Snap Daemon...
[[0;32m  OK  [0m] Started Message of the Day.
[[0;32m  OK  [0m] Started /etc/rc.local Compatibility.
[[0;32m  OK  [0m] Started Login to default iSCSI targets.
[[0;32m  OK  [0m] Reached target Remote File Systems (Pre).
[[0;32m  OK  [0m] Reached target Remote File Systems.
         Starting LSB: automatic crash report generation...
         Starting LSB: Set the CPU Frequency Scaling governor to "ondemand"...
         Starting LSB: Apache2 web server...
         Starting Permit User Sessions...
         Starting LSB: daemon to balance interrupts for SMP systems...
[[0;32m  OK  [0m] Started System Logging Service.
[[0;32m  OK  [0m] Started LSB: MD monitoring daemon.
[[0;32m  OK  [0m] Started Permit User Sessions.
[[0;32m  OK  [0m] Started OpenBSD Secure Shell server.
         Starting Authenticate and Authorize Users to Run Privileged Tasks...
         Starting Hold until boot process finishes up...
         Starting Terminate Plymouth Boot Screen...
[[0;32m  OK  [0m] Started LSB: Record successful boot for GRUB.
[[0;32m  OK  [0m] Started Hold until boot process finishes up.
[[0;32m  OK  [0m] Started Login Service.
[[0;32m  OK  [0m] Started Unattended Upgrades Shutdown.
[[0;32m  OK  [0m] Started Getty on tty1.
         Starting Set console scheme...
[[0;32m  OK  [0m] Started Serial Getty on ttyS0.
[[0;32m  OK  [0m] Reached target Login Prompts.
[[0;32m  OK  [0m] Started LSB: Set the CPU Frequency Scaling governor to "ondemand".
[[0;32m  OK  [0m] Started Terminate Plymouth Boot Screen.
[[0;32m  OK  [0m] Started Set console scheme.
[[0;32m  OK  [0m] Started LSB: daemon to balance interrupts for SMP systems.
[[0;32m  OK  [0m] Started Virtualbox guest utils.
[[0;32m  OK  [0m] Started Authenticate and Authorize Users to Run Privileged Tasks.
[[0;32m  OK  [0m] Started Accounts Service.
[[0;32m  OK  [0m] Started LSB: automatic crash report generation.
[[0;32m  OK  [0m] Started LXD - container startup/shutdown.
[[0;32m  OK  [0m] Started Snap Daemon.
         Starting Wait until snapd is fully seeded...
[[0;32m  OK  [0m] Started Wait until snapd is fully seeded.
         Starting Apply the settings specified in cloud-config...
[[0;32m  OK  [0m] Started Clean php session files.
[    7.898797] cloud-init[1428]: Cloud-init v. 20.4.1-0ubuntu1~16.04.1 running 'modules:config' at Mon, 08 Mar 2021 08:10:01 +0000. Up 7.77 seconds.
[[0;32m  OK  [0m] Started Apply the settings specified in cloud-config.
[[0;32m  OK  [0m] Started LSB: Apache2 web server.
[[0;32m  OK  [0m] Started MySQL Community Server.
[[0;32m  OK  [0m] Reached target Multi-User System.
         Starting Execute cloud user/final scripts...
[[0;32m  OK  [0m] Reached target Graphical Interface.
         Starting Update UTMP about System Runlevel Changes...
[[0;32m  OK  [0m] Started Update UTMP about System Runlevel Changes.
[    8.663473] cloud-init[1476]: Cloud-init v. 20.4.1-0ubuntu1~16.04.1 running 'modules:final' at Mon, 08 Mar 2021 08:10:02 +0000. Up 8.59 seconds.
[    8.673045] cloud-init[1476]: Cloud-init v. 20.4.1-0ubuntu1~16.04.1 finished at Mon, 08 Mar 2021 08:10:02 +0000. Datasource DataSourceNoCloud [seed=/dev/sdb][dsmode=net].  Up 8.66 seconds
[[0;32m  OK  [0m] Started Execute cloud user/final scripts.
[[0;32m  OK  [0m] Reached target Cloud-init target.
         Starting Daily apt download activities...

Ubuntu 16.04.7 LTS ubuntu-xenial ttyS0

ubuntu-xenial login: 